2025-05-01 18:46:03 INFO  - Starting Before suite
2025-05-01 18:46:03 INFO  - Before Method Executed
2025-05-01 18:46:03 INFO  - Starting Before Method
2025-05-01 18:46:08 INFO  - Before Method Executed
2025-05-01 18:46:08 INFO  - Starting After Method
2025-05-01 18:46:08 INFO  - After Method Executed
2025-05-01 18:46:09 INFO  - After Class Executed
2025-05-01 18:46:09 INFO  - Starting Before Method
2025-05-01 18:46:13 INFO  - Before Method Executed
2025-05-01 18:46:13 INFO  - Starting After Method
2025-05-01 18:46:13 INFO  - After Method Executed
2025-05-01 18:46:13 INFO  - After Class Executed
2025-05-01 18:47:16 INFO  - Starting Before suite
2025-05-01 18:47:16 INFO  - Before Method Executed
2025-05-01 18:47:16 INFO  - Starting Before Method
2025-05-01 18:47:21 INFO  - Before Method Executed
2025-05-01 18:47:22 INFO  - Starting After Method
2025-05-01 18:47:22 INFO  - After Method Executed
2025-05-01 18:47:22 INFO  - After Class Executed
2025-05-01 18:47:22 INFO  - Starting Before Method
2025-05-01 18:47:27 INFO  - Before Method Executed
2025-05-01 18:47:31 INFO  - Starting After Method
2025-05-01 18:47:31 INFO  - After Method Executed
2025-05-01 18:47:31 INFO  - After Class Executed
2025-05-01 18:48:19 INFO  - Starting Before suite
2025-05-01 18:48:19 INFO  - Before Method Executed
2025-05-01 18:48:19 INFO  - Starting Before Method
2025-05-01 18:48:23 INFO  - Before Method Executed
2025-05-01 18:48:23 INFO  - Starting After Method
2025-05-01 18:48:23 INFO  - After Method Executed
2025-05-01 18:48:23 INFO  - After Class Executed
2025-05-01 18:48:23 INFO  - Starting Before Method
2025-05-01 18:48:27 INFO  - Before Method Executed
2025-05-01 18:48:31 INFO  - Starting After Method
2025-05-01 18:48:31 INFO  - Capturing the screenshot :: takeScreenshot
2025-05-01 18:48:31 INFO  - After Method Executed
2025-05-01 18:48:31 INFO  - After Class Executed
2025-05-01 18:49:16 INFO  - Starting Before suite
2025-05-01 18:49:16 INFO  - Before Method Executed
2025-05-01 18:49:16 INFO  - Starting Before Method
2025-05-01 18:49:33 INFO  - Before Method Executed
2025-05-01 18:49:33 INFO  - Starting After Method
2025-05-01 18:49:33 INFO  - After Method Executed
2025-05-01 18:49:34 INFO  - After Class Executed
2025-05-01 18:49:34 INFO  - Starting Before Method
2025-05-01 18:49:44 INFO  - Before Method Executed
2025-05-01 18:49:48 INFO  - Starting After Method
2025-05-01 18:49:48 INFO  - Capturing the screenshot :: takeScreenshot
2025-05-01 18:49:48 INFO  - After Method Executed
2025-05-01 18:49:49 INFO  - After Class Executed
2025-05-01 18:50:39 INFO  - Starting Before suite
2025-05-01 18:50:39 INFO  - Before Method Executed
2025-05-01 18:50:39 INFO  - Starting Before Method
2025-05-01 18:50:45 INFO  - Before Method Executed
2025-05-01 18:50:45 INFO  - Starting After Method
2025-05-01 18:50:45 INFO  - Capturing the screenshot :: takeScreenshot
2025-05-01 18:50:45 INFO  - After Method Executed
2025-05-01 18:50:45 INFO  - After Class Executed
2025-05-01 18:50:45 INFO  - Starting Before Method
2025-05-01 18:50:50 INFO  - Before Method Executed
2025-05-01 18:50:53 INFO  - Starting After Method
2025-05-01 18:50:53 INFO  - Capturing the screenshot :: takeScreenshot
2025-05-01 18:50:53 INFO  - After Method Executed
2025-05-01 18:50:54 INFO  - After Class Executed
2025-05-01 18:52:38 INFO  - Starting Before suite
2025-05-01 18:52:38 INFO  - Before Method Executed
2025-05-01 18:52:38 INFO  - Starting Before Method
2025-05-01 18:52:46 INFO  - Before Method Executed
2025-05-01 18:52:47 INFO  - Starting After Method
2025-05-01 18:52:47 INFO  - Capturing the screenshot :: takeScreenshot
2025-05-01 18:52:47 INFO  - After Method Executed
2025-05-01 18:52:47 INFO  - After Class Executed
2025-05-01 18:52:47 INFO  - Starting Before Method
2025-05-01 18:52:53 INFO  - Before Method Executed
2025-05-01 18:52:57 INFO  - Starting After Method
2025-05-01 18:52:57 INFO  - Capturing the screenshot :: takeScreenshot
2025-05-01 18:52:57 INFO  - After Method Executed
2025-05-01 18:52:58 INFO  - After Class Executed
2025-05-01 19:14:09 INFO  - Starting Before suite
2025-05-01 19:14:09 INFO  - Before Method Executed
2025-05-01 19:14:09 INFO  - Starting Before Method
2025-05-01 19:14:14 INFO  - Before Method Executed
2025-05-01 19:14:14 INFO  - Starting After Method
2025-05-01 19:14:14 INFO  - After Method Executed
2025-05-01 19:14:14 INFO  - After Class Executed
2025-05-01 19:14:14 INFO  - Starting Before Method
2025-05-01 19:14:20 INFO  - Before Method Executed
2025-05-01 19:14:20 INFO  - Starting After Method
2025-05-01 19:14:20 INFO  - Capturing the screenshot :: takeScreenshot
2025-05-01 19:14:20 INFO  - After Method Executed
2025-05-01 19:14:20 INFO  - After Class Executed
2025-05-01 19:15:09 INFO  - Starting Before suite
2025-05-01 19:15:09 INFO  - Before Method Executed
2025-05-01 19:15:09 INFO  - Starting Before Method
2025-05-01 19:15:12 INFO  - Before Method Executed
2025-05-01 19:15:12 INFO  - Starting After Method
2025-05-01 19:15:13 INFO  - Capturing the screenshot :: takeScreenshot
2025-05-01 19:15:13 INFO  - After Method Executed
2025-05-01 19:15:13 INFO  - After Class Executed
2025-05-01 19:16:44 INFO  - Starting Before suite
2025-05-01 19:16:44 INFO  - Before Method Executed
2025-05-01 19:16:44 INFO  - Starting Before Method
2025-05-01 19:16:48 INFO  - Before Method Executed
2025-05-01 19:16:48 INFO  - Starting After Method
2025-05-01 19:16:48 INFO  - Capturing the screenshot :: takeScreenshot
2025-05-01 19:16:48 INFO  - After Method Executed
2025-05-01 19:16:49 INFO  - After Class Executed
2025-05-01 19:17:43 INFO  - Starting Before suite
2025-05-01 19:17:43 INFO  - Before Method Executed
2025-05-01 19:17:43 INFO  - Starting Before Method
2025-05-01 19:17:47 INFO  - Before Method Executed
2025-05-01 19:17:51 INFO  - Starting After Method
2025-05-01 19:17:51 INFO  - After Method Executed
2025-05-01 19:17:52 INFO  - After Class Executed
2025-05-01 19:19:20 INFO  - Starting Before suite
2025-05-01 19:19:20 INFO  - Before Method Executed
2025-05-01 19:19:20 INFO  - Starting Before Method
2025-05-01 19:19:27 INFO  - Before Method Executed
2025-05-01 19:19:35 INFO  - Starting After Method
2025-05-01 19:19:35 INFO  - After Method Executed
2025-05-01 19:19:35 INFO  - After Class Executed
2025-05-01 19:20:24 INFO  - Starting Before suite
2025-05-01 19:20:24 INFO  - Before Method Executed
2025-05-01 19:20:24 INFO  - Starting Before Method
2025-05-01 19:20:30 INFO  - Before Method Executed
2025-05-01 19:20:58 INFO  - Starting After Method
2025-05-01 19:20:58 INFO  - Capturing the screenshot :: takeScreenshot
2025-05-01 19:20:58 INFO  - After Method Executed
2025-05-01 19:20:59 INFO  - After Class Executed
2025-05-01 19:21:39 INFO  - Starting Before suite
2025-05-01 19:21:39 INFO  - Before Method Executed
2025-05-01 19:21:39 INFO  - Starting Before Method
2025-05-01 19:21:43 INFO  - Before Method Executed
2025-05-01 19:22:12 INFO  - Starting After Method
2025-05-01 19:22:12 INFO  - Capturing the screenshot :: takeScreenshot
2025-05-01 19:22:12 INFO  - After Method Executed
2025-05-01 19:22:12 INFO  - After Class Executed
2025-05-01 19:24:23 INFO  - Starting Before suite
2025-05-01 19:24:23 INFO  - Before Method Executed
2025-05-01 19:24:23 INFO  - Starting Before Method
2025-05-01 19:24:28 INFO  - Before Method Executed
2025-05-01 19:24:52 INFO  - Starting After Method
2025-05-01 19:24:52 INFO  - Capturing the screenshot :: takeScreenshot
2025-05-01 19:24:52 INFO  - After Method Executed
2025-05-01 19:24:53 INFO  - After Class Executed
2025-05-01 19:26:48 INFO  - Starting Before suite
2025-05-01 19:26:48 INFO  - Before Method Executed
2025-05-01 19:26:48 INFO  - Starting Before Method
2025-05-01 19:26:52 INFO  - Before Method Executed
2025-05-01 20:37:46 INFO  - Starting After Method
2025-05-02 11:15:40 INFO  - Starting Before suite
2025-05-02 11:15:40 INFO  - Before Method Executed
2025-05-02 11:15:41 INFO  - Starting Before Method
2025-05-02 11:15:44 INFO  - Before Method Executed
2025-05-02 11:15:51 INFO  - Starting After Method
2025-05-02 11:15:51 INFO  - Capturing the screenshot :: takeScreenshot
2025-05-02 11:15:51 INFO  - After Method Executed
2025-05-02 11:15:51 INFO  - After Class Executed
2025-05-02 11:25:29 INFO  - Starting Before suite
2025-05-02 11:25:29 INFO  - Before Method Executed
2025-05-02 11:25:29 INFO  - Starting Before Method
2025-05-02 11:25:32 INFO  - Before Method Executed
2025-05-02 11:25:39 INFO  - Starting After Method
2025-05-02 11:25:39 INFO  - Capturing the screenshot :: takeScreenshot
2025-05-02 11:25:39 INFO  - After Method Executed
2025-05-02 11:25:40 INFO  - After Class Executed
2025-05-02 14:50:27 INFO  - Starting Before suite
2025-05-02 14:50:27 INFO  - Before Method Executed
2025-05-02 14:50:27 INFO  - Starting Before Method
2025-05-02 14:50:31 INFO  - Before Method Executed
2025-05-02 14:50:38 INFO  - Starting After Method
2025-05-02 14:50:38 INFO  - Capturing the screenshot :: takeScreenshot
2025-05-02 14:50:38 INFO  - After Method Executed
2025-05-02 14:50:38 INFO  - After Class Executed
2025-05-02 14:51:30 INFO  - Starting Before suite
2025-05-02 14:51:30 INFO  - Before Method Executed
2025-05-02 14:51:30 INFO  - Starting Before Method
2025-05-02 14:51:33 INFO  - Before Method Executed
2025-05-02 14:51:36 INFO  - Starting After Method
2025-05-02 14:51:36 INFO  - After Method Executed
2025-05-02 14:51:36 INFO  - After Class Executed
2025-05-02 14:55:34 INFO  - Starting Before suite
2025-05-02 14:55:34 INFO  - Before Method Executed
2025-05-02 14:55:34 INFO  - Starting Before Method
2025-05-02 14:55:38 INFO  - Before Method Executed
2025-05-02 14:55:41 INFO  - Starting After Method
2025-05-02 14:55:41 INFO  - After Method Executed
2025-05-02 14:55:42 INFO  - After Class Executed
2025-05-02 14:55:49 INFO  - Starting Before suite
2025-05-02 14:55:49 INFO  - Before Method Executed
2025-05-02 14:55:49 INFO  - Starting Before Method
2025-05-02 14:55:52 INFO  - Before Method Executed
2025-05-02 14:55:55 INFO  - Starting After Method
2025-05-02 14:55:55 INFO  - After Method Executed
2025-05-02 14:55:55 INFO  - After Class Executed
2025-05-02 14:57:27 INFO  - Starting Before suite
2025-05-02 14:57:27 INFO  - Before Method Executed
2025-05-02 14:57:27 INFO  - Starting Before Method
2025-05-02 14:57:30 INFO  - Before Method Executed
2025-05-02 14:57:33 INFO  - Starting After Method
2025-05-02 14:57:33 INFO  - After Method Executed
2025-05-02 14:57:34 INFO  - After Class Executed
2025-05-02 14:58:04 INFO  - Starting Before suite
2025-05-02 14:58:04 INFO  - Before Method Executed
2025-05-02 14:58:04 INFO  - Starting Before Method
2025-05-02 14:58:07 INFO  - Before Method Executed
2025-05-02 14:58:10 INFO  - Starting After Method
2025-05-02 14:58:10 INFO  - After Method Executed
2025-05-02 14:58:11 INFO  - After Class Executed
2025-05-02 18:49:56 INFO  - Starting Before suite
2025-05-02 18:49:56 INFO  - Before Method Executed
2025-05-02 18:49:56 INFO  - Starting Before Method
2025-05-02 18:50:00 INFO  - Before Method Executed
2025-05-02 18:50:04 INFO  - Starting After Method
2025-05-02 18:50:04 INFO  - After Method Executed
2025-05-02 18:50:04 INFO  - After Class Executed
2025-05-02 18:51:03 INFO  - Starting Before suite
2025-05-02 18:51:03 INFO  - Before Method Executed
2025-05-02 18:51:03 INFO  - Starting Before Method
2025-05-02 18:51:06 INFO  - Before Method Executed
2025-05-02 18:51:22 INFO  - Starting After Method
2025-05-02 18:51:51 INFO  - Starting Before suite
2025-05-02 18:51:51 INFO  - Before Method Executed
2025-05-02 18:51:51 INFO  - Starting Before Method
2025-05-02 18:51:54 INFO  - Before Method Executed
2025-05-02 18:51:58 INFO  - Starting After Method
2025-05-02 18:51:58 INFO  - After Method Executed
2025-05-02 18:51:58 INFO  - After Class Executed
2025-05-02 18:53:02 INFO  - Starting Before suite
2025-05-02 18:53:03 INFO  - Before Method Executed
2025-05-02 18:53:03 INFO  - Starting Before Method
2025-05-02 18:53:06 INFO  - Before Method Executed
2025-05-02 18:53:09 INFO  - Starting After Method
2025-05-02 18:53:10 INFO  - Capturing the screenshot :: takeScreenshot
2025-05-02 18:53:10 INFO  - After Method Executed
2025-05-02 18:53:10 INFO  - After Class Executed
2025-05-02 18:54:56 INFO  - Starting Before suite
2025-05-02 18:54:56 INFO  - Before Method Executed
2025-05-02 18:54:56 INFO  - Starting Before Method
2025-05-02 18:55:00 INFO  - Before Method Executed
2025-05-02 18:55:04 INFO  - Starting After Method
2025-05-02 18:55:04 INFO  - After Method Executed
2025-05-02 18:55:04 INFO  - After Class Executed
2025-05-09 11:38:27 INFO  - Starting Before suite
2025-05-09 11:38:27 INFO  - Before Method Executed
2025-05-09 11:38:27 INFO  - Starting Before Method
2025-05-09 11:38:32 INFO  - Before Method Executed
2025-05-09 11:38:36 INFO  - Starting After Method
2025-05-09 11:38:36 INFO  - After Method Executed
2025-05-09 11:38:36 INFO  - After Class Executed
2025-05-09 11:40:35 INFO  - Starting Before suite
2025-05-09 11:40:35 INFO  - Before Method Executed
2025-05-09 11:40:35 INFO  - Starting Before Method
2025-05-09 11:40:39 INFO  - Before Method Executed
2025-05-09 11:40:42 INFO  - Starting After Method
2025-05-09 11:40:43 INFO  - Capturing the screenshot :: takeScreenshot
2025-05-09 11:40:43 INFO  - After Method Executed
2025-05-09 11:40:43 INFO  - After Class Executed
